#
# A fatal error has been detected by the Java Runtime Environment:
#
#  Internal Error (javaClasses.cpp:136), pid=2484, tid=3548
#  fatal error: Invalid layout of preloaded class
#
# JRE version:  (7.0_51-b13) (build )
# Java VM: Java HotSpot(TM) Client VM (24.51-b03 mixed mode windows-x86 )
# Failed to write core dump. Minidumps are not enabled by default on client versions of Windows
#
# If you would like to submit a bug report, please visit:
#   http://bugreport.sun.com/bugreport/crash.jsp
#

---------------  T H R E A D  ---------------

Current thread (0x003c9c00):  JavaThread "Unknown thread" [_thread_in_vm, id=3548, stack(0x00900000,0x00950000)]

Stack: [0x00900000,0x00950000],  sp=0x0094fb10,  free space=318k
Native frames: (J=compiled Java code, j=interpreted, Vv=VM code, C=native code)
V  [jvm.dll+0x18e0f1]
V  [jvm.dll+0x187e66]
V  [jvm.dll+0x3586a]
V  [jvm.dll+0x358f6]
V  [jvm.dll+0x4400d]
V  [jvm.dll+0x442be]
V  [jvm.dll+0x9263a]
V  [jvm.dll+0x929eb]
V  [jvm.dll+0x13dc51]
V  [jvm.dll+0x16076c]
V  [jvm.dll+0xc8ebf]
C  [javaw.exe+0x13ce]
C  [javaw.exe+0x1e40]
C  [javaw.exe+0xa5b1]
C  [javaw.exe+0xa63b]
C  [kernel32.dll+0xb729]


---------------  P R O C E S S  ---------------

Java Threads: ( => current thread )

Other Threads:

=>0x003c9c00 (exited) JavaThread "Unknown thread" [_thread_in_vm, id=3548, stack(0x00900000,0x00950000)]

VM state:not at safepoint (not fully initialized)

VM Mutex/Monitor currently owned by a thread: None

GC Heap History (0 events):
No events

Deoptimization events (0 events):
No events

Internal exceptions (0 events):
No events

Events (10 events):
Event: 0.180 loading class 0x02a07f48 done
Event: 0.180 loading class 0x02a079d8 done
Event: 0.180 loading class 0x02a079b8
Event: 0.194 loading class 0x02a0ece0
Event: 0.194 loading class 0x02a0ece0 done
Event: 0.194 loading class 0x02a0ed10
Event: 0.194 loading class 0x02a0ed10 done
Event: 0.194 loading class 0x02a0ed40
Event: 0.194 loading class 0x02a0ed40 done
Event: 0.194 loading class 0x02a079b8 done


Dynamic libraries:
0x00400000 - 0x0042f000 	C:\Program Files\Java\jre7\bin\javaw.exe
0x7c900000 - 0x7c9b2000 	C:\WINDOWS\system32\ntdll.dll
0x7c800000 - 0x7c8f6000 	C:\WINDOWS\system32\kernel32.dll
0x77dd0000 - 0x77e6b000 	C:\WINDOWS\system32\ADVAPI32.dll
0x77e70000 - 0x77f03000 	C:\WINDOWS\system32\RPCRT4.dll
0x77fe0000 - 0x77ff1000 	C:\WINDOWS\system32\Secur32.dll
0x7e410000 - 0x7e4a1000 	C:\WINDOWS\system32\USER32.dll
0x77f10000 - 0x77f59000 	C:\WINDOWS\system32\GDI32.dll
0x773d0000 - 0x774d3000 	C:\WINDOWS\WinSxS\x86_Microsoft.Windows.Common-Controls_6595b64144ccf1df_6.0.2600.5512_x-ww_35d4ce83\COMCTL32.dll
0x77c10000 - 0x77c68000 	C:\WINDOWS\system32\msvcrt.dll
0x77f60000 - 0x77fd6000 	C:\WINDOWS\system32\SHLWAPI.dll
0x78aa0000 - 0x78b5f000 	C:\Program Files\Java\jre7\bin\msvcr100.dll
0x6e770000 - 0x6eaf0000 	C:\Program Files\Java\jre7\bin\client\jvm.dll
0x71ad0000 - 0x71ad9000 	C:\WINDOWS\system32\WSOCK32.dll
0x71ab0000 - 0x71ac7000 	C:\WINDOWS\system32\WS2_32.dll
0x71aa0000 - 0x71aa8000 	C:\WINDOWS\system32\WS2HELP.dll
0x76b40000 - 0x76b6d000 	C:\WINDOWS\system32\WINMM.dll
0x76bf0000 - 0x76bfb000 	C:\WINDOWS\system32\PSAPI.DLL
0x6e6c0000 - 0x6e6cc000 	C:\Program Files\Java\jre7\bin\verify.dll
0x6d480000 - 0x6d4a0000 	C:\Program Files\Java\jre7\bin\java.dll
0x6e750000 - 0x6e763000 	C:\Program Files\Java\jre7\bin\zip.dll
0x59a60000 - 0x59b01000 	C:\WINDOWS\system32\dbghelp.dll
0x77c00000 - 0x77c08000 	C:\WINDOWS\system32\VERSION.dll

VM Arguments:
jvm_args: -Dfile.encoding=Cp1252 -Xbootclasspath:C:\Program Files\Android\android-sdk\platforms\android-16\android.jar 
java_command: AesEncrDec
Launcher Type: SUN_STANDARD

Environment Variables:
PATH=C:/Program Files/Java/jre7/bin/client;C:/Program Files/Java/jre7/bin;C:/Program Files/Java/jre7/lib/i386;C:\WINDOWS\system32;C:\WINDOWS;C:\WINDOWS\system32\Wbem;D:\PROGRA~1\RATIONAL\RATION~1\NUTCROOT\bin;D:\PROGRA~1\RATIONAL\RATION~1\NUTCROOT\mksnt;C:\oraclexe\app\oracle\product\10.2.0\server\bin;C:\Program Files\Common Files\Adobe\AGL;D:\Program Files\Rational\common;D:\Program Files\Rational\ClearQuest;D:\Program Files\Rational\Rose\TopLink\;D:\Program Files\Rational\Rational Test;C:\Program Files\Java\jdk1.7.0_07\bin;;C:\PROGRA~1\COMMON~1\MUVEET~1\030625;D:\eclipse;
USERNAME=K.v.singh
SHELL=D:\PROGRA~1\RATIONAL\RATION~1\NUTCROOT\mksnt\sh.exe
DISPLAY=:0.0
OS=Windows_NT
PROCESSOR_IDENTIFIER=x86 Family 16 Model 6 Stepping 2, AuthenticAMD



---------------  S Y S T E M  ---------------

OS: Windows XP Build 2600 Service Pack 3

CPU:total 2 (2 cores per cpu, 1 threads per core) family 16 model 6 stepping 2, cmov, cx8, fxsr, mmx, sse, sse2, sse3, popcnt, mmxext, 3dnowpref, lzcnt, sse4a, tsc, tscinvbit, tscinv

Memory: 4k page, physical 1833360k(610320k free), swap 3776708k(2171072k free)

vm_info: Java HotSpot(TM) Client VM (24.51-b03) for windows-x86 JRE (1.7.0_51-b13), built on Dec 18 2013 19:09:58 by "java_re" with unknown MS VC++:1600

time: Tue Jan 21 19:16:17 2014
elapsed time: 0 seconds

